-bash: ./crm-system.sh: No such file or directory
2025/11/03 21:12:48 socat[409950] E read(5, 0x606949737000, 8192): Connection reset by peer
2025/11/03 21:12:48 socat[409952] E read(5, 0x606949737000, 8192): Connection reset by peer
2025/11/03 21:12:48 socat[409954] E read(5, 0x606949737000, 8192): Connection reset by peer
2025/11/03 21:12:48 socat[409956] E read(5, 0x606949737000, 8192): Connection reset by peer
2025/11/03 21:12:59 socat[409966] E read(5, 0x606949737000, 8192): Connection reset by peer
2025/11/03 21:12:59 socat[409968] E read(5, 0x606949737000, 8192): Connection reset by peer
2025/11/03 21:17:11 socat[409900] W exiting on signal 15
2025/11/03 21:19:04 socat[410292] E read(5, 0x58936d875000, 8192): Connection reset by peer
2025/11/03 21:19:04 socat[410294] E read(5, 0x58936d875000, 8192): Connection reset by peer
2025/11/03 21:19:05 socat[410296] E read(5, 0x58936d875000, 8192): Connection reset by peer
2025/11/03 21:19:05 socat[410298] E read(5, 0x58936d875000, 8192): Connection reset by peer
2025/11/03 21:25:05 socat[410159] W exiting on signal 15
GET / HTTP/1.1
Host: 212.193.26.156:8081
User-Agent: curl/8.5.0
Accept: */*

GET /login HTTP/1.1
Host: 212.193.26.156:8081
User-Agent: Go-http-client/1.1
Accept-Encoding: gzip

